2020-01-18 09:33:41,881 [INFO] from play.api.db.DefaultDBApi in play-dev-mode-akka.actor.default-dispatcher-5 - Database [career_carrier_write] initialized at jdbc:mysql://localHost:3306/career_carrier?useSSL=false
2020-01-18 09:33:41,895 [INFO] from play.api.db.HikariCPConnectionPool in play-dev-mode-akka.actor.default-dispatcher-5 - Creating Pool for datasource 'career_carrier_write'
2020-01-18 09:33:41,966 [INFO] from play.api.db.DefaultDBApi in play-dev-mode-akka.actor.default-dispatcher-5 - Database [career_carrier_read] initialized at jdbc:mysql://localHost:3306/career_carrier?useSSL=false
2020-01-18 09:33:41,966 [INFO] from play.api.db.HikariCPConnectionPool in play-dev-mode-akka.actor.default-dispatcher-5 - Creating Pool for datasource 'career_carrier_read'
2020-01-18 09:33:43,258 [INFO] from play.api.http.EnabledFilters in play-dev-mode-akka.actor.default-dispatcher-5 - Enabled Filters (see <https://www.playframework.com/documentation/latest/Filters>):


2020-01-18 09:33:43,313 [INFO] from play.api.Play in play-dev-mode-akka.actor.default-dispatcher-5 - Application started (Dev) (no global state)
2020-01-18 09:36:06,264 [WARN] from com.zaxxer.hikari.pool.HikariPool in HikariPool-1 housekeeper - HikariPool-1 - Thread starvation or clock leap detected (housekeeper delta=1m53s444ms241µs364ns).
2020-01-18 09:36:06,268 [WARN] from com.zaxxer.hikari.pool.HikariPool in HikariPool-2 housekeeper - HikariPool-2 - Thread starvation or clock leap detected (housekeeper delta=1m53s449ms664µs379ns).
2020-01-18 09:37:27,929 [WARN] from com.zaxxer.hikari.pool.HikariPool in HikariPool-2 housekeeper - HikariPool-2 - Thread starvation or clock leap detected (housekeeper delta=1m21s661ms100µs479ns).
2020-01-18 09:37:27,929 [WARN] from com.zaxxer.hikari.pool.HikariPool in HikariPool-1 housekeeper - HikariPool-1 - Thread starvation or clock leap detected (housekeeper delta=1m21s666ms150µs578ns).
2020-01-18 09:37:56,919 [INFO] from play.api.db.HikariCPConnectionPool in application-akka.actor.internal-dispatcher-8 - Shutting down connection pool.
2020-01-18 09:37:56,935 [INFO] from play.api.db.HikariCPConnectionPool in application-akka.actor.internal-dispatcher-8 - Shutting down connection pool.
2020-01-18 09:37:57,233 [INFO] from play.api.db.DefaultDBApi in play-dev-mode-akka.actor.default-dispatcher-7 - Database [career_carrier_write] initialized at jdbc:mysql://localHost:3306/career_carrier?useSSL=false
2020-01-18 09:37:57,234 [INFO] from play.api.db.HikariCPConnectionPool in play-dev-mode-akka.actor.default-dispatcher-7 - Creating Pool for datasource 'career_carrier_write'
2020-01-18 09:37:57,240 [INFO] from play.api.db.DefaultDBApi in play-dev-mode-akka.actor.default-dispatcher-7 - Database [career_carrier_read] initialized at jdbc:mysql://localHost:3306/career_carrier?useSSL=false
2020-01-18 09:37:57,240 [INFO] from play.api.db.HikariCPConnectionPool in play-dev-mode-akka.actor.default-dispatcher-7 - Creating Pool for datasource 'career_carrier_read'
2020-01-18 09:37:57,439 [INFO] from play.api.http.EnabledFilters in play-dev-mode-akka.actor.default-dispatcher-7 - Enabled Filters (see <https://www.playframework.com/documentation/latest/Filters>):


2020-01-18 09:37:57,449 [INFO] from play.api.Play in play-dev-mode-akka.actor.default-dispatcher-7 - Application started (Dev) (no global state)
2020-01-18 09:47:55,980 [INFO] from play.api.db.HikariCPConnectionPool in application-akka.actor.internal-dispatcher-7 - Shutting down connection pool.
2020-01-18 09:47:55,987 [INFO] from play.api.db.HikariCPConnectionPool in application-akka.actor.internal-dispatcher-7 - Shutting down connection pool.
2020-01-18 09:47:58,384 [INFO] from play.api.db.DefaultDBApi in play-dev-mode-akka.actor.default-dispatcher-23 - Database [career_carrier_write] initialized at jdbc:mysql://localHost:3306/career_carrier?useSSL=false
2020-01-18 09:47:58,384 [INFO] from play.api.db.HikariCPConnectionPool in play-dev-mode-akka.actor.default-dispatcher-23 - Creating Pool for datasource 'career_carrier_write'
2020-01-18 09:47:58,396 [INFO] from play.api.db.DefaultDBApi in play-dev-mode-akka.actor.default-dispatcher-23 - Database [career_carrier_read] initialized at jdbc:mysql://localHost:3306/career_carrier?useSSL=false
2020-01-18 09:47:58,396 [INFO] from play.api.db.HikariCPConnectionPool in play-dev-mode-akka.actor.default-dispatcher-23 - Creating Pool for datasource 'career_carrier_read'
2020-01-18 09:47:58,636 [INFO] from play.api.http.EnabledFilters in play-dev-mode-akka.actor.default-dispatcher-23 - Enabled Filters (see <https://www.playframework.com/documentation/latest/Filters>):


2020-01-18 09:47:58,655 [INFO] from play.api.Play in play-dev-mode-akka.actor.default-dispatcher-23 - Application started (Dev) (no global state)
2020-01-18 09:48:48,238 [WARN] from com.zaxxer.hikari.pool.HikariPool in HikariPool-6 housekeeper - HikariPool-6 - Thread starvation or clock leap detected (housekeeper delta=49s740ms598µs837ns).
2020-01-18 09:48:48,238 [WARN] from com.zaxxer.hikari.pool.HikariPool in HikariPool-5 housekeeper - HikariPool-5 - Thread starvation or clock leap detected (housekeeper delta=49s750ms528µs276ns).
